0 info it worked if it ends with ok
1 verbose cli [ 'C:\\Program Files\\nodejs\\node.exe',
1 verbose cli   'C:\\Users\\Alexander\\AppData\\Roaming\\npm\\node_modules\\npm\\bin\\npm-cli.js',
1 verbose cli   'start' ]
2 info using npm@4.0.5
3 info using node@v6.10.2
4 verbose run-script [ 'prestart', 'start', 'poststart' ]
5 info lifecycle ingsw-frontend-test@1.0.0~prestart: ingsw-frontend-test@1.0.0
6 silly lifecycle ingsw-frontend-test@1.0.0~prestart: no script for prestart, continuing
7 info lifecycle ingsw-frontend-test@1.0.0~start: ingsw-frontend-test@1.0.0
8 verbose lifecycle ingsw-frontend-test@1.0.0~start: unsafe-perm in lifecycle true
9 verbose lifecycle ingsw-frontend-test@1.0.0~start: PATH: C:\Users\Alexander\AppData\Roaming\npm\node_modules\npm\bin\node-gyp-bin;D:\Work\uruguayos\projects\frontend-test\backend\node_modules\.bin;C:\Program Files (x86)\Intel\iCLS Client\;C:\Program Files\Intel\iCLS Client\;C:\WINDOWS\system32;C:\WINDOWS;C:\WINDOWS\System32\Wbem;C:\WINDOWS\System32\WindowsPowerShell\v1.0\;C:\Program Files (x86)\Intel\Intel(R) Management Engine Components\DAL;C:\Program Files\Intel\Intel(R) Management Engine Components\DAL;C:\Program Files (x86)\Intel\Intel(R) Management Engine Components\IPT;C:\Program Files\Intel\Intel(R) Management Engine Components\IPT;C:\Python27;C:\Program Files\TortoiseGit\bin;C:\apache-maven-3.3.3\bin;C:\Program Files (x86)\Windows Kits\8.1\Windows Performance Toolkit\;C:\Program Files\Microsoft SQL Server\110\Tools\Binn\;%USERPROFILE%\.dnx\bin;C:\Program Files\Microsoft DNX\Dnvm\;C:\Program Files\Microsoft SQL Server\120\Tools\Binn\;C:\Program Files (x86)\Heroku\bin;C:\Program Files (x86)\git\cmd;C:\Program Files\MongoDB\Server\3.0\bin;C:\python27;C:\Python27\Scripts;C:\Users\Alexander\Documents\chromedriver_win32;C:\Program Files\Git\cmd;C:\Program Files\Microsoft SQL Server\130\Tools\Binn\;C:\Program Files\dotnet\;C:\Program Files\nodejs\;C:\Program Files (x86)\Microsoft VS Code\bin;C:\Users\Alexander\AppData\Local\Microsoft\WindowsApps;C:\Users\Alexander\AppData\Roaming\npm
10 verbose lifecycle ingsw-frontend-test@1.0.0~start: CWD: D:\Work\uruguayos\projects\frontend-test\backend
11 silly lifecycle ingsw-frontend-test@1.0.0~start: Args: [ '/d /s /c', 'node app' ]
12 silly lifecycle ingsw-frontend-test@1.0.0~start: Returned: code: 3221225786  signal: null
13 info lifecycle ingsw-frontend-test@1.0.0~start: Failed to exec start script
14 verbose stack Error: ingsw-frontend-test@1.0.0 start: `node app`
14 verbose stack Exit status 3221225786
14 verbose stack     at EventEmitter.<anonymous> (C:\Users\Alexander\AppData\Roaming\npm\node_modules\npm\lib\utils\lifecycle.js:279:16)
14 verbose stack     at emitTwo (events.js:106:13)
14 verbose stack     at EventEmitter.emit (events.js:191:7)
14 verbose stack     at ChildProcess.<anonymous> (C:\Users\Alexander\AppData\Roaming\npm\node_modules\npm\lib\utils\spawn.js:40:14)
14 verbose stack     at emitTwo (events.js:106:13)
14 verbose stack     at ChildProcess.emit (events.js:191:7)
14 verbose stack     at maybeClose (internal/child_process.js:886:16)
14 verbose stack     at Process.ChildProcess._handle.onexit (internal/child_process.js:226:5)
15 verbose pkgid ingsw-frontend-test@1.0.0
16 verbose cwd D:\Work\uruguayos\projects\frontend-test\backend
17 error Windows_NT 10.0.14393
18 error argv "C:\\Program Files\\nodejs\\node.exe" "C:\\Users\\Alexander\\AppData\\Roaming\\npm\\node_modules\\npm\\bin\\npm-cli.js" "start"
19 error node v6.10.2
20 error npm  v4.0.5
21 error code ELIFECYCLE
22 error ingsw-frontend-test@1.0.0 start: `node app`
22 error Exit status 3221225786
23 error Failed at the ingsw-frontend-test@1.0.0 start script 'node app'.
23 error Make sure you have the latest version of node.js and npm installed.
23 error If you do, this is most likely a problem with the ingsw-frontend-test package,
23 error not with npm itself.
23 error Tell the author that this fails on your system:
23 error     node app
23 error You can get information on how to open an issue for this project with:
23 error     npm bugs ingsw-frontend-test
23 error Or if that isn't available, you can get their info via:
23 error     npm owner ls ingsw-frontend-test
23 error There is likely additional logging output above.
24 verbose exit [ 1, true ]
